========== Configuration ==========
Seed: 26
Device: cuda
CUDA Available: True
CUDA Device Name: NVIDIA GeForce RTX 2060
-----------------------------------
Model Dimension (d): 1
Model Architecture:
Sequential(
  (0): Linear(in_features=8, out_features=10, bias=True)
  (1): Tanh()
  (2): Linear(in_features=10, out_features=10, bias=True)
  (3): Tanh()
  (4): Linear(in_features=10, out_features=1, bias=True)
  (5): Tanh()
  (6): Linear(in_features=1, out_features=1, bias=True)
  (7): Tanh()
)
Number of Samples: 1024
Input Sampling Method: QMC
-----------------------------------
Optimizer: Adam
Learning Rate: 0.001
Loss Function: MSELoss
-----------------------------------
Algorithm: DRM
Unique Parameters: {'omega': 0.5, 'gamma': 10}
-----------------------------------
Max Epochs: 2000
Real Epochs: 2000
Early Stopping Threshold (eq_loss < epsilon1): 1e-06
Early Stopping Threshold (eq_loss_k - ep_loss_k-1 < epsilon2): 1e-08
Theoretical Eigenvalue: 9.869604401089358
=================Results==================

Loss: 5.931505718310989
Lambda_Error: 3.9704381983441124
Eigen Value: 5.899166202745246
U Loss:0.1366849910033362
Equation Loss:0.04085839064542036
Average time per step: 0.013522 seconds
