========== Configuration ==========
Seed: 26
Device: cuda
CUDA Available: True
CUDA Device Name: NVIDIA GeForce RTX 2060
-----------------------------------
Model Dimension (d): 1
Model Architecture:
Sequential(
  (0): Linear(in_features=8, out_features=10, bias=True)
  (1): Tanh()
  (2): Linear(in_features=10, out_features=10, bias=True)
  (3): Tanh()
  (4): Linear(in_features=10, out_features=1, bias=True)
  (5): Tanh()
  (6): Linear(in_features=1, out_features=1, bias=True)
  (7): Tanh()
)
Number of Samples: 1024
Input Sampling Method: QMC
-----------------------------------
Optimizer: Adam
Learning Rate: 0.01
Loss Function: MSELoss
-----------------------------------
Algorithm: DRM
Unique Parameters: {'omega': 0.5, 'gamma': 10}
-----------------------------------
Max Epochs: 2000
Real Epochs: 2000
Early Stopping Threshold (eq_loss < epsilon1): 1e-06
Early Stopping Threshold (eq_loss_k - ep_loss_k-1 < epsilon2): 1e-08
Theoretical Eigenvalue: 9.869604401089358
=================Results==================

Loss: 5.336902232900155
Lambda_Error: 4.535612743625206
Eigen Value: 5.333991657464152
U Loss:0.13784565784830993
Equation Loss:0.02477037107887921
Average time per step: 0.014028 seconds
