========== Configuration ==========
Seed: 32
Device: cuda
CUDA Available: True
CUDA Device Name: NVIDIA GeForce RTX 4060 Laptop GPU
-----------------------------------
Model Dimension (d): 1
Model Architecture:
Sequential(
  (0): Linear(in_features=1, out_features=10, bias=True)
  (1): Tanh()
  (2): Linear(in_features=10, out_features=10, bias=True)
  (3): Tanh()
  (4): Linear(in_features=10, out_features=1, bias=True)
  (5): Tanh()
  (6): Linear(in_features=1, out_features=1, bias=True)
  (7): Tanh()
  (8): Linear(in_features=1, out_features=1, bias=True)
  (9): Tanh()
)
Number of Samples: 1000
Input Sampling Method: LHS
-----------------------------------
Optimizer: Adam
Learning Rate: 0.001
Loss Function: MSELoss
-----------------------------------
Algorithm: DRQI
Unique Parameters: {'omega': 0.5, 'gamma': 0.0}
-----------------------------------
Max Epochs: 3000
Real Epochs: 575
Early Stopping Threshold (eq_loss < epsilon1): 1e-05
Early Stopping Threshold (eq_loss_k - ep_loss_k-1 < epsilon2): 1.0000000000000001e-07
Theoretical Eigenvalue: 9.869604401089358
=================Results==================

Loss: 8.876746962953518e-06
Lambda_Error: 7.768238350536194e-05
Eigen Value: 9.869682083472863
U Loss:1.3357135165069815e-06
Equation Loss:8.855606490235855e-06
Average time per step: 0.008553 seconds
