========== Configuration ==========
Seed: 28
Device: cuda
CUDA Available: True
CUDA Device Name: NVIDIA GeForce RTX 4060 Laptop GPU
-----------------------------------
Model Dimension (d): 1
Model Architecture:
Sequential(
  (0): Linear(in_features=1, out_features=10, bias=True)
  (1): Tanh()
  (2): Linear(in_features=10, out_features=10, bias=True)
  (3): Tanh()
  (4): Linear(in_features=10, out_features=1, bias=True)
  (5): Tanh()
  (6): Linear(in_features=1, out_features=1, bias=True)
  (7): Tanh()
  (8): Linear(in_features=1, out_features=1, bias=True)
  (9): Tanh()
)
Number of Samples: 1000
Input Sampling Method: LHS
-----------------------------------
Optimizer: Adam
Learning Rate: 0.001
Loss Function: MSELoss
-----------------------------------
Algorithm: IPMNN
Unique Parameters: {'omega': 0.5, 'gamma': 0.0}
-----------------------------------
Max Epochs: 3000
Real Epochs: 3000
Early Stopping Threshold (eq_loss < epsilon1): 1e-07
Early Stopping Threshold (eq_loss_k - ep_loss_k-1 < epsilon2): 1e-09
Theoretical Eigenvalue: 9.869604401089358
=================Results==================

Loss: 2.731601714142158e-06
Lambda_Error: 0.001074860117796561
Eigen Value: 9.870679261207155
U Loss:1.0007852868528746e-05
Equation Loss:0.00030762390435994726
Average time per step: 0.008504 seconds
