========== Configuration ==========
Seed: 39
Device: cuda
CUDA Available: True
CUDA Device Name: NVIDIA GeForce RTX 2060
-----------------------------------
Model Dimension (d): 3
Model Architecture:
Sequential(
  (0): Linear(in_features=3, out_features=15, bias=True)
  (1): Tanh()
  (2): Linear(in_features=15, out_features=15, bias=True)
  (3): Tanh()
  (4): Linear(in_features=15, out_features=1, bias=True)
  (5): Tanh()
  (6): Linear(in_features=1, out_features=1, bias=True)
  (7): Tanh()
)
Number of Samples: 9000
Input Sampling Method: QMC
-----------------------------------
Optimizer: Adam
Learning Rate: 0.05
Loss Function: MSELoss
-----------------------------------
Algorithm: DRQI
Unique Parameters: {'omega': 0.5, 'gamma': 0}
-----------------------------------
Max Epochs: 3000
Real Epochs: 391
Early Stopping Threshold (eq_loss < epsilon1): 1e-05
Early Stopping Threshold (eq_loss_k - ep_loss_k-1 < epsilon2): 1.0000000000000001e-07
Theoretical Eigenvalue: 29.608813203268074
=================Results==================

Loss: 9.964535794945434e-06
Lambda_Error: 0.0008375846743646775
Eigen Value: 29.60965078794244
U Loss:1.1381033465605325e-06
Equation Loss:9.940561197964421e-06
Average time per step: 0.021866 seconds
