========== Configuration ==========
Seed: 38
Device: cuda
CUDA Available: True
CUDA Device Name: NVIDIA GeForce RTX 2060
-----------------------------------
Model Dimension (d): 3
Model Architecture:
Sequential(
  (0): Linear(in_features=3, out_features=15, bias=True)
  (1): Tanh()
  (2): Linear(in_features=15, out_features=15, bias=True)
  (3): Tanh()
  (4): Linear(in_features=15, out_features=1, bias=True)
  (5): Tanh()
  (6): Linear(in_features=1, out_features=1, bias=True)
  (7): Tanh()
)
Number of Samples: 6000
Input Sampling Method: Latin Hypercube Sampling (LHS)
-----------------------------------
Optimizer: Adam
Learning Rate: 0.05
Loss Function: MSELoss
-----------------------------------
Algorithm: DRQI
Unique Parameters: {'omega': 0.5, 'gamma': 0}
-----------------------------------
Max Epochs: 3000
Real Epochs: 921
Early Stopping Threshold (eq_loss < epsilon1): 1e-05
Early Stopping Threshold (eq_loss_k - ep_loss_k-1 < epsilon2): 1.0000000000000001e-07
Theoretical Eigenvalue: 29.608813203268074
=================Results==================

Loss: 1.0018593867109961e-05
Lambda_Error: 0.0005155603272370968
Eigen Value: 29.608297642940837
U Loss:7.757165348637662e-07
Equation Loss:9.985268198623478e-06
Average time per step: 0.020080 seconds
