========== Problem ==========
D=1.0

¦²a=0.5

¦Í¦²f=0.5

========== Configuration ==========
Seed: 34
Device: cuda
CUDA Available: True
CUDA Device Name: NVIDIA GeForce RTX 2060
-----------------------------------
Model Dimension (d): 1
Model Architecture:
Sequential(
  (0): Linear(in_features=1, out_features=10, bias=True)
  (1): Tanh()
  (2): Linear(in_features=10, out_features=10, bias=True)
  (3): Tanh()
  (4): Linear(in_features=10, out_features=1, bias=True)
  (5): Tanh()
  (6): Linear(in_features=1, out_features=1, bias=True)
  (7): Tanh()
)
Number of Samples: 1000
Input Sampling Method: LHS
-----------------------------------
Optimizer: Adam
Learning Rate: 0.01
Loss Function: MSELoss
-----------------------------------
Algorithm: DRQI
Unique Parameters: {'omega': 0.5, 'gamma': 0}
-----------------------------------
Max Epochs: 3000
Real Epochs: 1080
Early Stopping Threshold (eq_loss < epsilon1): 1e-05
Early Stopping Threshold (eq_loss_k - ep_loss_k-1 < epsilon2): 1e-08
Theoretical Eigenvalue: 20.739208802178716
=================Results==================

Loss: 2.3466208933223223e-06
Lambda_Error: 2.4225976083869227e-05
Eigen Value: 20.7392330281548
U Loss:9.655923938928134e-08
Equation Loss:2.344731861651254e-06
Average time per step: 0.008454 seconds

k_th=0.04821784714829367

Criticality Factor k: 0.04821779082391513, Error: 5.6324378543137765e-08

Relative k Error: 0.0%
