========== Problem ==========
D=2

¦²a=0.2

¦Í¦²f=0.1

========== Configuration ==========
Seed: 34
Device: cuda
CUDA Available: True
CUDA Device Name: NVIDIA GeForce RTX 2060
-----------------------------------
Model Dimension (d): 1
Model Architecture:
Sequential(
  (0): Linear(in_features=1, out_features=10, bias=True)
  (1): Tanh()
  (2): Linear(in_features=10, out_features=10, bias=True)
  (3): Tanh()
  (4): Linear(in_features=10, out_features=1, bias=True)
  (5): Tanh()
  (6): Linear(in_features=1, out_features=1, bias=True)
  (7): Tanh()
)
Number of Samples: 1000
Input Sampling Method: LHS
-----------------------------------
Optimizer: Adam
Learning Rate: 0.01
Loss Function: MSELoss
-----------------------------------
Algorithm: DRQI
Unique Parameters: {'omega': 0.5, 'gamma': 0}
-----------------------------------
Max Epochs: 3000
Real Epochs: 1424
Early Stopping Threshold (eq_loss < epsilon1): 1e-05
Early Stopping Threshold (eq_loss_k - ep_loss_k-1 < epsilon2): 1e-08
Theoretical Eigenvalue: 199.39208802178715
=================Results==================

Loss: 5.3092533354337545e-06
Lambda_Error: 0.0001475967278281587
Eigen Value: 199.39223561851497
U Loss:3.869320199196209e-08
Equation Loss:5.307030691831953e-06
Average time per step: 0.007679 seconds

k_th=0.005015244134916387

Criticality Factor k: 0.005015240422466797, Error: 3.7124495907980837e-09

Relative k Error: 0.0%
