========== Problem ==========
D=1

¦²a=0.5

¦Í¦²f=1

========== Configuration ==========
Seed: 34
Device: cuda
CUDA Available: True
CUDA Device Name: NVIDIA GeForce RTX 2060
-----------------------------------
Model Dimension (d): 1
Model Architecture:
Sequential(
  (0): Linear(in_features=1, out_features=10, bias=True)
  (1): Tanh()
  (2): Linear(in_features=10, out_features=10, bias=True)
  (3): Tanh()
  (4): Linear(in_features=10, out_features=1, bias=True)
  (5): Tanh()
  (6): Linear(in_features=1, out_features=1, bias=True)
  (7): Tanh()
)
Number of Samples: 1000
Input Sampling Method: LHS
-----------------------------------
Optimizer: Adam
Learning Rate: 0.01
Loss Function: MSELoss
-----------------------------------
Algorithm: DRQI
Unique Parameters: {'omega': 0.5, 'gamma': 0}
-----------------------------------
Max Epochs: 3000
Real Epochs: 1023
Early Stopping Threshold (eq_loss < epsilon1): 1e-05
Early Stopping Threshold (eq_loss_k - ep_loss_k-1 < epsilon2): 1e-08
Theoretical Eigenvalue: 10.369604401089358
=================Results==================

Loss: 2.899277189736645e-06
Lambda_Error: 1.16228037967403e-05
Eigen Value: 10.369616023893155
U Loss:8.051930309251063e-08
Equation Loss:2.8978386072352443e-06
Average time per step: 0.008253 seconds

k_th=0.09643569429658734

Criticality Factor k: 0.0964355862064564, Error: 1.0809013094303932e-07

Relative k Error: 0.0%
