========== Configuration ==========
Seed: 31
Device: cuda
CUDA Available: True
CUDA Device Name: NVIDIA GeForce RTX 2060
-----------------------------------
Model Dimension (d): 2
Model Architecture:
Sequential(
  (0): Linear(in_features=2, out_features=10, bias=True)
  (1): Tanh()
  (2): Linear(in_features=10, out_features=15, bias=True)
  (3): Tanh()
  (4): Linear(in_features=15, out_features=1, bias=True)
  (5): Tanh()
  (6): Linear(in_features=1, out_features=1, bias=True)
  (7): Tanh()
)
Number of Samples: 4096
Input Sampling Method: QMC
-----------------------------------
Optimizer: Adam
Learning Rate: 0.05
Loss Function: MSELoss
-----------------------------------
Algorithm: DRQI
Unique Parameters: {'omega': 0.5, 'gamma': 0}
-----------------------------------
Max Epochs: 3000
Real Epochs: 287
Early Stopping Threshold (eq_loss < epsilon1): 1e-05
Early Stopping Threshold (eq_loss_k - ep_loss_k-1 < epsilon2): 1.0000000000000001e-07
Theoretical Eigenvalue: 19.739208802178716
=================Results==================

Loss: 7.374174751835743e-06
Lambda_Error: 8.938782472256435e-05
Eigen Value: 19.73929819000344
U Loss:1.6994855251991427e-07
Equation Loss:7.3738938900735965e-06
Average time per step: 0.012752 seconds
