========== Configuration ==========
Seed: 29
Device: cuda
CUDA Available: True
CUDA Device Name: NVIDIA GeForce RTX 2060
-----------------------------------
Model Dimension (d): 1
Model Architecture:
Sequential(
  (0): Linear(in_features=1, out_features=10, bias=True)
  (1): Tanh()
  (2): Linear(in_features=10, out_features=10, bias=True)
  (3): Tanh()
  (4): Linear(in_features=10, out_features=1, bias=True)
  (5): Tanh()
  (6): Linear(in_features=1, out_features=1, bias=True)
  (7): Tanh()
)
Number of Samples: 1000
Input Sampling Method: Latin Hypercube Sampling (LHS)
-----------------------------------
Optimizer: Adam
Learning Rate: 0.01
Loss Function: MSELoss
-----------------------------------
Algorithm: IPMNN
Unique Parameters: {'omega': 0.5, 'gamma': 0}
-----------------------------------
Max Epochs: 3000
Real Epochs: 3000
Early Stopping Threshold (eq_loss < epsilon1): 1e-07
Early Stopping Threshold (eq_loss_k - ep_loss_k-1 < epsilon2): 1e-09
Theoretical Eigenvalue: 9.869604401089358
=================Results==================

Loss: 0.00011207299047698826
Lambda_Error: 0.08372031516359257
Eigen Value: 9.95332471625295
U Loss:0.45587369058297406
Equation Loss:0.7607875949193481
Average time per step: 0.008855 seconds
