========== Configuration ==========
Seed: 30
Device: cuda
CUDA Available: True
CUDA Device Name: NVIDIA GeForce RTX 2060
-----------------------------------
Model Dimension (d): 1
Model Architecture:
Sequential(
  (0): Linear(in_features=8, out_features=10, bias=True)
  (1): Tanh()
  (2): Linear(in_features=10, out_features=10, bias=True)
  (3): Tanh()
  (4): Linear(in_features=10, out_features=1, bias=True)
  (5): Tanh()
  (6): Linear(in_features=1, out_features=1, bias=True)
  (7): Tanh()
)
Number of Samples: 1000
Input Sampling Method: LHS
-----------------------------------
Optimizer: Adam
Learning Rate: 0.01
Loss Function: MSELoss
-----------------------------------
Algorithm: DRQI
Unique Parameters: {'omega': 0.2, 'gamma': 0}
-----------------------------------
Max Epochs: 2000
Real Epochs: 941
Early Stopping Threshold (eq_loss < epsilon1): 1e-06
Early Stopping Threshold (eq_loss_k - ep_loss_k-1 < epsilon2): 1e-09
Theoretical Eigenvalue: 5
=================Results==================

Loss: 9.999613238246136e-07
Lambda_Error: 5.841395386951831e-06
Eigen Value: 4.999994158604613
U Loss:8.925771014721689e-07
Equation Loss:9.999790044885045e-07
Average time per step: 0.013284 seconds
