========== Configuration ==========
Seed: 25
Device: cuda
CUDA Available: True
CUDA Device Name: NVIDIA GeForce RTX 2060
-----------------------------------
Model Dimension (d): 1
Model Architecture:
Sequential(
  (0): Linear(in_features=8, out_features=10, bias=True)
  (1): Tanh()
  (2): Linear(in_features=10, out_features=10, bias=True)
  (3): Tanh()
  (4): Linear(in_features=10, out_features=1, bias=True)
  (5): Tanh()
  (6): Linear(in_features=1, out_features=1, bias=True)
  (7): Tanh()
)
Number of Samples: 1000
Input Sampling Method: LHS
-----------------------------------
Optimizer: Adam
Learning Rate: 0.001
Loss Function: MSELoss
-----------------------------------
Algorithm: IPMNN
Unique Parameters: {'omega': 0.5, 'gamma': 0}
-----------------------------------
Max Epochs: 2000
Real Epochs: 1676
Early Stopping Threshold (eq_loss < epsilon1): 1e-06
Early Stopping Threshold (eq_loss_k - ep_loss_k-1 < epsilon2): 1e-08
Theoretical Eigenvalue: 9.869604401089358
=================Results==================

Loss: 1.3269094385878185e-10
Lambda_Error: 4.869603086331782
Eigen Value: 5.000001314757576
U Loss:5.372763883314072e-09
Equation Loss:9.993983723906911e-07
Average time per step: 0.014550 seconds
