========== Configuration ==========
Seed: 33
Device: cuda
CUDA Available: True
CUDA Device Name: NVIDIA GeForce RTX 2060
-----------------------------------
Model Dimension (d): 2
Model Architecture:
Sequential(
  (0): Linear(in_features=8, out_features=10, bias=True)
  (1): Tanh()
  (2): Linear(in_features=10, out_features=15, bias=True)
  (3): Tanh()
  (4): Linear(in_features=15, out_features=1, bias=True)
  (5): Tanh()
  (6): Linear(in_features=1, out_features=1, bias=True)
  (7): Tanh()
)
Number of Samples: 2000
Input Sampling Method: LHS
-----------------------------------
Optimizer: Adam
Learning Rate: 0.01
Loss Function: MSELoss
-----------------------------------
Algorithm: IPMNN
Unique Parameters: {'omega': 0.5, 'gamma': 0}
-----------------------------------
Max Epochs: 2000
Real Epochs: 1186
Early Stopping Threshold (eq_loss < epsilon1): 1e-06
Early Stopping Threshold (eq_loss_k - ep_loss_k-1 < epsilon2): 1e-08
Theoretical Eigenvalue: 19.739208802178716
=================Results==================

Loss: 6.064455480236119e-11
Lambda_Error: 14.73920964048937
Eigen Value: 4.999999161689344
U Loss:2.4289299154835677e-07
Equation Loss:9.997026950107741e-07
Average time per step: 0.018130 seconds
