========== Configuration ==========
Seed: 29
Device: cuda
CUDA Available: True
CUDA Device Name: NVIDIA GeForce RTX 2060
-----------------------------------
Model Dimension (d): 3
Model Architecture:
Sequential(
  (0): Linear(in_features=12, out_features=20, bias=True)
  (1): Tanh()
  (2): Linear(in_features=20, out_features=20, bias=True)
  (3): Tanh()
  (4): Linear(in_features=20, out_features=1, bias=True)
  (5): Tanh()
  (6): Linear(in_features=1, out_features=1, bias=True)
  (7): Tanh()
)
Number of Samples: 6000
Input Sampling Method: LHS
-----------------------------------
Optimizer: Adam
Learning Rate: 0.01
Loss Function: MSELoss
-----------------------------------
Algorithm: DRQI
Unique Parameters: {'omega': 0.5, 'gamma': 0}
-----------------------------------
Max Epochs: 2000
Real Epochs: 1020
Early Stopping Threshold (eq_loss < epsilon1): 5e-06
Early Stopping Threshold (eq_loss_k - ep_loss_k-1 < epsilon2): 5.0000000000000004e-08
Theoretical Eigenvalue: 5
=================Results==================

Loss: 4.998160218295961e-06
Lambda_Error: 0.0003419814327250137
Eigen Value: 5.000341981432725
U Loss:0.02494200546625089
Equation Loss:4.997870924450296e-06
Average time per step: 0.028783 seconds
