========== Configuration ==========
Seed: 31
Device: cuda
CUDA Available: True
CUDA Device Name: NVIDIA GeForce RTX 2060
-----------------------------------
Model Dimension (d): 3
Model Architecture:
Sequential(
  (0): Linear(in_features=12, out_features=20, bias=True)
  (1): Tanh()
  (2): Linear(in_features=20, out_features=20, bias=True)
  (3): Tanh()
  (4): Linear(in_features=20, out_features=1, bias=True)
  (5): Tanh()
  (6): Linear(in_features=1, out_features=1, bias=True)
  (7): Tanh()
)
Number of Samples: 6000
Input Sampling Method: LHS
-----------------------------------
Optimizer: Adam
Learning Rate: 0.01
Loss Function: MSELoss
-----------------------------------
Algorithm: IPMNN
Unique Parameters: {'omega': 0.5, 'gamma': 0}
-----------------------------------
Max Epochs: 2000
Real Epochs: 2000
Early Stopping Threshold (eq_loss < epsilon1): 5e-06
Early Stopping Threshold (eq_loss_k - ep_loss_k-1 < epsilon2): 5.0000000000000004e-08
Theoretical Eigenvalue: 5
=================Results==================

Loss: 8.079184016346307e-10
Lambda_Error: 0.0002633757469236997
Eigen Value: 5.000263375746924
U Loss:3.32728140812229e-05
Equation Loss:1.0594464800652594e-05
Average time per step: 0.027870 seconds
