========== Configuration ==========
Seed: 32
Device: cuda
CUDA Available: True
CUDA Device Name: NVIDIA GeForce RTX 2060
-----------------------------------
Model Dimension (d): 1
Model Architecture:
Sequential(
  (0): Linear(in_features=1, out_features=10, bias=True)
  (1): Tanh()
  (2): Linear(in_features=10, out_features=10, bias=True)
  (3): Tanh()
  (4): Linear(in_features=10, out_features=1, bias=True)
  (5): Tanh()
  (6): Linear(in_features=1, out_features=1, bias=True)
  (7): Tanh()
)
Number of Samples: 1000
Input Sampling Method: Latin Hypercube Sampling (LHS)
-----------------------------------
Optimizer: SGD
Learning Rate: 0.01
Loss Function: MSELoss
-----------------------------------
Algorithm: DRM
Unique Parameters: {'omega': 0.5, 'gamma': 0}
-----------------------------------
Max Epochs: 3000
Real Epochs: 2128
Early Stopping Threshold (eq_loss < epsilon1): 0.0001
Early Stopping Threshold (eq_loss_k - ep_loss_k-1 < epsilon2): 1.0000000000000002e-06
Theoretical Eigenvalue: 9.869604401089358
=================Results==================

Loss: 9.869673452735562
Lambda_Error: 6.90516462036328e-05
Eigen Value: 9.869673452735562
U Loss:0.4535026563968531
Equation Loss:9.998911442156885e-05
Average time per step: 0.007765 seconds
