========== Configuration ==========
Seed: 31
Device: cuda
CUDA Available: True
CUDA Device Name: NVIDIA GeForce RTX 2060
-----------------------------------
Model Dimension (d): 1
Model Architecture:
Sequential(
  (0): Linear(in_features=1, out_features=10, bias=True)
  (1): Tanh()
  (2): Linear(in_features=10, out_features=10, bias=True)
  (3): Tanh()
  (4): Linear(in_features=10, out_features=1, bias=True)
  (5): Tanh()
  (6): Linear(in_features=1, out_features=1, bias=True)
  (7): Tanh()
)
Number of Samples: 1000
Input Sampling Method: Latin Hypercube Sampling (LHS)
-----------------------------------
Optimizer: Adam
Learning Rate: 0.001
Loss Function: MSELoss
-----------------------------------
Algorithm: DRQI
Unique Parameters: {'omega': 0.5, 'gamma': 0}
-----------------------------------
Max Epochs: 3000
Real Epochs: 3000
Early Stopping Threshold (eq_loss < epsilon1): 1e-07
Early Stopping Threshold (eq_loss_k - ep_loss_k-1 < epsilon2): 1e-09
Theoretical Eigenvalue: 9.869604401089358
=================Results==================

Loss: 1.6348425845920403e-06
Lambda_Error: 6.006421584103805e-06
Eigen Value: 9.869610407510942
U Loss:2.1433641271744945e-08
Equation Loss:1.6346684433579334e-06
Average time per step: 0.008646 seconds
