========== Configuration ==========
Seed: 28
Device: cuda
CUDA Available: True
CUDA Device Name: NVIDIA GeForce RTX 2060
-----------------------------------
Model Dimension (d): 1
Model Architecture:
Sequential(
  (0): Linear(in_features=1, out_features=10, bias=True)
  (1): Tanh()
  (2): Linear(in_features=10, out_features=10, bias=True)
  (3): Tanh()
  (4): Linear(in_features=10, out_features=1, bias=True)
  (5): Tanh()
  (6): Linear(in_features=1, out_features=1, bias=True)
  (7): Tanh()
)
Number of Samples: 1000
Input Sampling Method: LHS
-----------------------------------
Optimizer: Adam
Learning Rate: 0.01
Loss Function: MSELoss
-----------------------------------
Algorithm: DRQI
Unique Parameters: {'omega': 0.4, 'gamma': 0}
-----------------------------------
Max Epochs: 3000
Real Epochs: 406
Early Stopping Threshold (eq_loss < epsilon1): 1e-05
Early Stopping Threshold (eq_loss_k - ep_loss_k-1 < epsilon2): 1.0000000000000001e-07
Theoretical Eigenvalue: 9.869604401089358
=================Results==================

Loss: 9.978197468421175e-06
Lambda_Error: 4.265952018478458e-05
Eigen Value: 9.869647060609543
U Loss:4.0822748870817644e-07
Equation Loss:9.980605223923217e-06
Average time per step: 0.007987 seconds
